Analysis & Synthesis report for FPGAKeypadBinaryShiftRegisterLED
Fri Oct 18 19:49:12 2024
Quartus Prime Version 20.1.1 Build 720 11/11/2020 SJ Lite Edition


---------------------
; Table of Contents ;
---------------------
  1. Legal Notice
  2. Analysis & Synthesis Summary
  3. Analysis & Synthesis Settings
  4. Parallel Compilation
  5. Analysis & Synthesis Source Files Read
  6. Analysis & Synthesis Resource Usage Summary
  7. Analysis & Synthesis Resource Utilization by Entity
  8. General Register Statistics
  9. Parameter Settings for User Entity Instance: DoubleFourBitsRegister:inst1|four_bit_register:inst|BUSMUX:inst4
 10. Parameter Settings for User Entity Instance: DoubleFourBitsRegister:inst1|four_bit_register:inst|BUSMUX:inst5
 11. Parameter Settings for User Entity Instance: DoubleFourBitsRegister:inst1|four_bit_register:inst|BUSMUX:inst6
 12. Parameter Settings for User Entity Instance: DoubleFourBitsRegister:inst1|four_bit_register:inst|BUSMUX:inst7
 13. Parameter Settings for User Entity Instance: DoubleFourBitsRegister:inst1|four_bit_register:inst1|BUSMUX:inst4
 14. Parameter Settings for User Entity Instance: DoubleFourBitsRegister:inst1|four_bit_register:inst1|BUSMUX:inst5
 15. Parameter Settings for User Entity Instance: DoubleFourBitsRegister:inst1|four_bit_register:inst1|BUSMUX:inst6
 16. Parameter Settings for User Entity Instance: DoubleFourBitsRegister:inst1|four_bit_register:inst1|BUSMUX:inst7
 17. Post-Synthesis Netlist Statistics for Top Partition
 18. Elapsed Time Per Partition
 19. Analysis & Synthesis Messages



----------------
; Legal Notice ;
----------------
Copyright (C) 2020  Intel Corporation. All rights reserved.
Your use of Intel Corporation's design tools, logic functions 
and other software and tools, and any partner logic 
functions, and any output files from any of the foregoing 
(including device programming or simulation files), and any 
associated documentation or information are expressly subject 
to the terms and conditions of the Intel Program License 
Subscription Agreement, the Intel Quartus Prime License Agreement,
the Intel FPGA IP License Agreement, or other applicable license
agreement, including, without limitation, that your use is for
the sole purpose of programming logic devices manufactured by
Intel and sold by Intel or its authorized distributors.  Please
refer to the applicable agreement for further details, at
https://fpgasoftware.intel.com/eula.



+-------------------------------------------------------------------------------+
; Analysis & Synthesis Summary                                                  ;
+---------------------------------+---------------------------------------------+
; Analysis & Synthesis Status     ; Successful - Fri Oct 18 19:49:12 2024       ;
; Quartus Prime Version           ; 20.1.1 Build 720 11/11/2020 SJ Lite Edition ;
; Revision Name                   ; FPGAKeypadBinaryShiftRegisterLED            ;
; Top-level Entity Name           ; FPGAKeypadBinaryShiftRegisterLED            ;
; Family                          ; Cyclone V                                   ;
; Logic utilization (in ALMs)     ; N/A                                         ;
; Total registers                 ; 10                                          ;
; Total pins                      ; 22                                          ;
; Total virtual pins              ; 0                                           ;
; Total block memory bits         ; 0                                           ;
; Total DSP Blocks                ; 0                                           ;
; Total HSSI RX PCSs              ; 0                                           ;
; Total HSSI PMA RX Deserializers ; 0                                           ;
; Total HSSI TX PCSs              ; 0                                           ;
; Total HSSI PMA TX Serializers   ; 0                                           ;
; Total PLLs                      ; 0                                           ;
; Total DLLs                      ; 0                                           ;
+---------------------------------+---------------------------------------------+


+-------------------------------------------------------------------------------------------------------------------------------------------------------+
; Analysis & Synthesis Settings                                                                                                                         ;
+---------------------------------------------------------------------------------+----------------------------------+----------------------------------+
; Option                                                                          ; Setting                          ; Default Value                    ;
+---------------------------------------------------------------------------------+----------------------------------+----------------------------------+
; Device                                                                          ; 5CGXFC7C7F23C8                   ;                                  ;
; Top-level entity name                                                           ; FPGAKeypadBinaryShiftRegisterLED ; FPGAKeypadBinaryShiftRegisterLED ;
; Family name                                                                     ; Cyclone V                        ; Cyclone V                        ;
; Use smart compilation                                                           ; Off                              ; Off                              ;
; Enable parallel Assembler and Timing Analyzer during compilation                ; On                               ; On                               ;
; Enable compact report table                                                     ; Off                              ; Off                              ;
; Restructure Multiplexers                                                        ; Auto                             ; Auto                             ;
; MLAB Add Timing Constraints For Mixed-Port Feed-Through Mode Setting Don't Care ; Off                              ; Off                              ;
; Create Debugging Nodes for IP Cores                                             ; Off                              ; Off                              ;
; Preserve fewer node names                                                       ; On                               ; On                               ;
; Intel FPGA IP Evaluation Mode                                                   ; Enable                           ; Enable                           ;
; Verilog Version                                                                 ; Verilog_2001                     ; Verilog_2001                     ;
; VHDL Version                                                                    ; VHDL_1993                        ; VHDL_1993                        ;
; State Machine Processing                                                        ; Auto                             ; Auto                             ;
; Safe State Machine                                                              ; Off                              ; Off                              ;
; Extract Verilog State Machines                                                  ; On                               ; On                               ;
; Extract VHDL State Machines                                                     ; On                               ; On                               ;
; Ignore Verilog initial constructs                                               ; Off                              ; Off                              ;
; Iteration limit for constant Verilog loops                                      ; 5000                             ; 5000                             ;
; Iteration limit for non-constant Verilog loops                                  ; 250                              ; 250                              ;
; Add Pass-Through Logic to Inferred RAMs                                         ; On                               ; On                               ;
; Infer RAMs from Raw Logic                                                       ; On                               ; On                               ;
; Parallel Synthesis                                                              ; On                               ; On                               ;
; DSP Block Balancing                                                             ; Auto                             ; Auto                             ;
; NOT Gate Push-Back                                                              ; On                               ; On                               ;
; Power-Up Don't Care                                                             ; On                               ; On                               ;
; Remove Redundant Logic Cells                                                    ; Off                              ; Off                              ;
; Remove Duplicate Registers                                                      ; On                               ; On                               ;
; Ignore CARRY Buffers                                                            ; Off                              ; Off                              ;
; Ignore CASCADE Buffers                                                          ; Off                              ; Off                              ;
; Ignore GLOBAL Buffers                                                           ; Off                              ; Off                              ;
; Ignore ROW GLOBAL Buffers                                                       ; Off                              ; Off                              ;
; Ignore LCELL Buffers                                                            ; Off                              ; Off                              ;
; Ignore SOFT Buffers                                                             ; On                               ; On                               ;
; Limit AHDL Integers to 32 Bits                                                  ; Off                              ; Off                              ;
; Optimization Technique                                                          ; Balanced                         ; Balanced                         ;
; Carry Chain Length                                                              ; 70                               ; 70                               ;
; Auto Carry Chains                                                               ; On                               ; On                               ;
; Auto Open-Drain Pins                                                            ; On                               ; On                               ;
; Perform WYSIWYG Primitive Resynthesis                                           ; Off                              ; Off                              ;
; Auto ROM Replacement                                                            ; On                               ; On                               ;
; Auto RAM Replacement                                                            ; On                               ; On                               ;
; Auto DSP Block Replacement                                                      ; On                               ; On                               ;
; Auto Shift Register Replacement                                                 ; Auto                             ; Auto                             ;
; Allow Shift Register Merging across Hierarchies                                 ; Auto                             ; Auto                             ;
; Auto Clock Enable Replacement                                                   ; On                               ; On                               ;
; Strict RAM Replacement                                                          ; Off                              ; Off                              ;
; Allow Synchronous Control Signals                                               ; On                               ; On                               ;
; Force Use of Synchronous Clear Signals                                          ; Off                              ; Off                              ;
; Auto Resource Sharing                                                           ; Off                              ; Off                              ;
; Allow Any RAM Size For Recognition                                              ; Off                              ; Off                              ;
; Allow Any ROM Size For Recognition                                              ; Off                              ; Off                              ;
; Allow Any Shift Register Size For Recognition                                   ; Off                              ; Off                              ;
; Use LogicLock Constraints during Resource Balancing                             ; On                               ; On                               ;
; Ignore translate_off and synthesis_off directives                               ; Off                              ; Off                              ;
; Timing-Driven Synthesis                                                         ; On                               ; On                               ;
; Report Parameter Settings                                                       ; On                               ; On                               ;
; Report Source Assignments                                                       ; On                               ; On                               ;
; Report Connectivity Checks                                                      ; On                               ; On                               ;
; Ignore Maximum Fan-Out Assignments                                              ; Off                              ; Off                              ;
; Synchronization Register Chain Length                                           ; 3                                ; 3                                ;
; Power Optimization During Synthesis                                             ; Normal compilation               ; Normal compilation               ;
; HDL message level                                                               ; Level2                           ; Level2                           ;
; Suppress Register Optimization Related Messages                                 ; Off                              ; Off                              ;
; Number of Removed Registers Reported in Synthesis Report                        ; 5000                             ; 5000                             ;
; Number of Swept Nodes Reported in Synthesis Report                              ; 5000                             ; 5000                             ;
; Number of Inverted Registers Reported in Synthesis Report                       ; 100                              ; 100                              ;
; Clock MUX Protection                                                            ; On                               ; On                               ;
; Auto Gated Clock Conversion                                                     ; Off                              ; Off                              ;
; Block Design Naming                                                             ; Auto                             ; Auto                             ;
; SDC constraint protection                                                       ; Off                              ; Off                              ;
; Synthesis Effort                                                                ; Auto                             ; Auto                             ;
; Shift Register Replacement - Allow Asynchronous Clear Signal                    ; On                               ; On                               ;
; Pre-Mapping Resynthesis Optimization                                            ; Off                              ; Off                              ;
; Analysis & Synthesis Message Level                                              ; Medium                           ; Medium                           ;
; Disable Register Merging Across Hierarchies                                     ; Auto                             ; Auto                             ;
; Resource Aware Inference For Block RAM                                          ; On                               ; On                               ;
; Automatic Parallel Synthesis                                                    ; On                               ; On                               ;
; Partial Reconfiguration Bitstream ID                                            ; Off                              ; Off                              ;
+---------------------------------------------------------------------------------+----------------------------------+----------------------------------+


+------------------------------------------+
; Parallel Compilation                     ;
+----------------------------+-------------+
; Processors                 ; Number      ;
+----------------------------+-------------+
; Number detected on machine ; 8           ;
; Maximum allowed            ; 4           ;
;                            ;             ;
; Average used               ; 1.00        ;
; Maximum used               ; 4           ;
;                            ;             ;
; Usage by Processor         ; % Time Used ;
;     Processor 1            ; 100.0%      ;
;     Processors 2-4         ;   0.0%      ;
+----------------------------+-------------+


+------------------------------------------------------------------------------------------------------------------------------------------------------------------------------------------------------------------------------------------------------------------------+
; Analysis & Synthesis Source Files Read                                                                                                                                                                                                                                 ;
+--------------------------------------+-----------------+------------------------------------------+----------------------------------------------------------------------------------------------------------------------------------------------------------+---------+
; File Name with User-Entered Path     ; Used in Netlist ; File Type                                ; File Name with Absolute Path                                                                                                                             ; Library ;
+--------------------------------------+-----------------+------------------------------------------+----------------------------------------------------------------------------------------------------------------------------------------------------------+---------+
; FPGAKeypadBinaryShiftRegisterLED.bdf ; yes             ; User Block Diagram/Schematic File        ; C:/Users/rnjsa/Desktop/PusanNU2024/semester 2/LogicCircuitDesignAndExperimentation/FPGAKeypadBinaryShiftRegisterLED/FPGAKeypadBinaryShiftRegisterLED.bdf ;         ;
; Trigger.bdf                          ; yes             ; User Block Diagram/Schematic File        ; C:/Users/rnjsa/Desktop/PusanNU2024/semester 2/LogicCircuitDesignAndExperimentation/FPGAKeypadBinaryShiftRegisterLED/Trigger.bdf                          ;         ;
; doublefourbitsregister.bdf           ; yes             ; Auto-Found Block Diagram/Schematic File  ; C:/Users/rnjsa/Desktop/PusanNU2024/semester 2/LogicCircuitDesignAndExperimentation/FPGAKeypadBinaryShiftRegisterLED/doublefourbitsregister.bdf           ;         ;
; four_bit_register.bdf                ; yes             ; Auto-Found Block Diagram/Schematic File  ; C:/Users/rnjsa/Desktop/PusanNU2024/semester 2/LogicCircuitDesignAndExperimentation/FPGAKeypadBinaryShiftRegisterLED/four_bit_register.bdf                ;         ;
; busmux.tdf                           ; yes             ; Megafunction                             ; d:/intelfpga_lite/20.1/quartus/libraries/megafunctions/busmux.tdf                                                                                        ;         ;
; lpm_mux.inc                          ; yes             ; Megafunction                             ; d:/intelfpga_lite/20.1/quartus/libraries/megafunctions/lpm_mux.inc                                                                                       ;         ;
; lpm_mux.tdf                          ; yes             ; Megafunction                             ; d:/intelfpga_lite/20.1/quartus/libraries/megafunctions/lpm_mux.tdf                                                                                       ;         ;
; aglobal201.inc                       ; yes             ; Megafunction                             ; d:/intelfpga_lite/20.1/quartus/libraries/megafunctions/aglobal201.inc                                                                                    ;         ;
; muxlut.inc                           ; yes             ; Megafunction                             ; d:/intelfpga_lite/20.1/quartus/libraries/megafunctions/muxlut.inc                                                                                        ;         ;
; bypassff.inc                         ; yes             ; Megafunction                             ; d:/intelfpga_lite/20.1/quartus/libraries/megafunctions/bypassff.inc                                                                                      ;         ;
; altshift.inc                         ; yes             ; Megafunction                             ; d:/intelfpga_lite/20.1/quartus/libraries/megafunctions/altshift.inc                                                                                      ;         ;
; db/mux_pjc.tdf                       ; yes             ; Auto-Generated Megafunction              ; C:/Users/rnjsa/Desktop/PusanNU2024/semester 2/LogicCircuitDesignAndExperimentation/FPGAKeypadBinaryShiftRegisterLED/db/mux_pjc.tdf                       ;         ;
; decimal_to_binary.bdf                ; yes             ; Auto-Found Block Diagram/Schematic File  ; C:/Users/rnjsa/Desktop/PusanNU2024/semester 2/LogicCircuitDesignAndExperimentation/FPGAKeypadBinaryShiftRegisterLED/decimal_to_binary.bdf                ;         ;
+--------------------------------------+-----------------+------------------------------------------+----------------------------------------------------------------------------------------------------------------------------------------------------------+---------+


+---------------------------------------------------------+
; Analysis & Synthesis Resource Usage Summary             ;
+---------------------------------------------+-----------+
; Resource                                    ; Usage     ;
+---------------------------------------------+-----------+
; Estimate of Logic utilization (ALMs needed) ; 6         ;
;                                             ;           ;
; Combinational ALUT usage for logic          ; 7         ;
;     -- 7 input functions                    ; 0         ;
;     -- 6 input functions                    ; 2         ;
;     -- 5 input functions                    ; 3         ;
;     -- 4 input functions                    ; 0         ;
;     -- <=3 input functions                  ; 2         ;
;                                             ;           ;
; Dedicated logic registers                   ; 10        ;
;                                             ;           ;
; I/O pins                                    ; 22        ;
;                                             ;           ;
; Total DSP Blocks                            ; 0         ;
;                                             ;           ;
; Maximum fan-out node                        ; CLK~input ;
; Maximum fan-out                             ; 10        ;
; Total fan-out                               ; 100       ;
; Average fan-out                             ; 1.64      ;
+---------------------------------------------+-----------+


+---------------------------------------------------------------------------------------------------------------------------------------------------------------------------------------------------------------------------------------------------------------------------------------+
; Analysis & Synthesis Resource Utilization by Entity                                                                                                                                                                                                                                   ;
+-----------------------------------+---------------------+---------------------------+-------------------+------------+------+--------------+----------------------------------------------------------------------------------------+----------------------------------+--------------+
; Compilation Hierarchy Node        ; Combinational ALUTs ; Dedicated Logic Registers ; Block Memory Bits ; DSP Blocks ; Pins ; Virtual Pins ; Full Hierarchy Name                                                                    ; Entity Name                      ; Library Name ;
+-----------------------------------+---------------------+---------------------------+-------------------+------------+------+--------------+----------------------------------------------------------------------------------------+----------------------------------+--------------+
; |FPGAKeypadBinaryShiftRegisterLED ; 7 (0)               ; 10 (0)                    ; 0                 ; 0          ; 22   ; 0            ; |FPGAKeypadBinaryShiftRegisterLED                                                      ; FPGAKeypadBinaryShiftRegisterLED ; work         ;
;    |Decimal_to_binary:inst|       ; 6 (6)               ; 0 (0)                     ; 0                 ; 0          ; 0    ; 0            ; |FPGAKeypadBinaryShiftRegisterLED|Decimal_to_binary:inst                               ; Decimal_to_binary                ; work         ;
;    |DoubleFourBitsRegister:inst1| ; 0 (0)               ; 8 (0)                     ; 0                 ; 0          ; 0    ; 0            ; |FPGAKeypadBinaryShiftRegisterLED|DoubleFourBitsRegister:inst1                         ; DoubleFourBitsRegister           ; work         ;
;       |four_bit_register:inst1|   ; 0 (0)               ; 4 (4)                     ; 0                 ; 0          ; 0    ; 0            ; |FPGAKeypadBinaryShiftRegisterLED|DoubleFourBitsRegister:inst1|four_bit_register:inst1 ; four_bit_register                ; work         ;
;       |four_bit_register:inst|    ; 0 (0)               ; 4 (4)                     ; 0                 ; 0          ; 0    ; 0            ; |FPGAKeypadBinaryShiftRegisterLED|DoubleFourBitsRegister:inst1|four_bit_register:inst  ; four_bit_register                ; work         ;
;    |Trigger:inst2|                ; 1 (1)               ; 2 (2)                     ; 0                 ; 0          ; 0    ; 0            ; |FPGAKeypadBinaryShiftRegisterLED|Trigger:inst2                                        ; Trigger                          ; work         ;
+-----------------------------------+---------------------+---------------------------+-------------------+------------+------+--------------+----------------------------------------------------------------------------------------+----------------------------------+--------------+
Note: For table entries with two numbers listed, the numbers in parentheses indicate the number of resources of the given type used by the specific entity alone. The numbers listed outside of parentheses indicate the total resources of the given type used by the specific entity and all of its sub-entities in the hierarchy.


+------------------------------------------------------+
; General Register Statistics                          ;
+----------------------------------------------+-------+
; Statistic                                    ; Value ;
+----------------------------------------------+-------+
; Total registers                              ; 10    ;
; Number of registers using Synchronous Clear  ; 0     ;
; Number of registers using Synchronous Load   ; 0     ;
; Number of registers using Asynchronous Clear ; 10    ;
; Number of registers using Asynchronous Load  ; 0     ;
; Number of registers using Clock Enable       ; 8     ;
; Number of registers using Preset             ; 0     ;
+----------------------------------------------+-------+


+---------------------------------------------------------------------------------------------------------------+
; Parameter Settings for User Entity Instance: DoubleFourBitsRegister:inst1|four_bit_register:inst|BUSMUX:inst4 ;
+----------------+-------+--------------------------------------------------------------------------------------+
; Parameter Name ; Value ; Type                                                                                 ;
+----------------+-------+--------------------------------------------------------------------------------------+
; WIDTH          ; 1     ; Untyped                                                                              ;
+----------------+-------+--------------------------------------------------------------------------------------+
Note: In order to hide this table in the UI and the text report file, please set the "Show Parameter Settings in Synthesis Report" option in "Analysis and Synthesis Settings -> More Settings" to "Off".


+---------------------------------------------------------------------------------------------------------------+
; Parameter Settings for User Entity Instance: DoubleFourBitsRegister:inst1|four_bit_register:inst|BUSMUX:inst5 ;
+----------------+-------+--------------------------------------------------------------------------------------+
; Parameter Name ; Value ; Type                                                                                 ;
+----------------+-------+--------------------------------------------------------------------------------------+
; WIDTH          ; 1     ; Untyped                                                                              ;
+----------------+-------+--------------------------------------------------------------------------------------+
Note: In order to hide this table in the UI and the text report file, please set the "Show Parameter Settings in Synthesis Report" option in "Analysis and Synthesis Settings -> More Settings" to "Off".


+---------------------------------------------------------------------------------------------------------------+
; Parameter Settings for User Entity Instance: DoubleFourBitsRegister:inst1|four_bit_register:inst|BUSMUX:inst6 ;
+----------------+-------+--------------------------------------------------------------------------------------+
; Parameter Name ; Value ; Type                                                                                 ;
+----------------+-------+--------------------------------------------------------------------------------------+
; WIDTH          ; 1     ; Untyped                                                                              ;
+----------------+-------+--------------------------------------------------------------------------------------+
Note: In order to hide this table in the UI and the text report file, please set the "Show Parameter Settings in Synthesis Report" option in "Analysis and Synthesis Settings -> More Settings" to "Off".


+---------------------------------------------------------------------------------------------------------------+
; Parameter Settings for User Entity Instance: DoubleFourBitsRegister:inst1|four_bit_register:inst|BUSMUX:inst7 ;
+----------------+-------+--------------------------------------------------------------------------------------+
; Parameter Name ; Value ; Type                                                                                 ;
+----------------+-------+--------------------------------------------------------------------------------------+
; WIDTH          ; 1     ; Untyped                                                                              ;
+----------------+-------+--------------------------------------------------------------------------------------+
Note: In order to hide this table in the UI and the text report file, please set the "Show Parameter Settings in Synthesis Report" option in "Analysis and Synthesis Settings -> More Settings" to "Off".


+----------------------------------------------------------------------------------------------------------------+
; Parameter Settings for User Entity Instance: DoubleFourBitsRegister:inst1|four_bit_register:inst1|BUSMUX:inst4 ;
+----------------+-------+---------------------------------------------------------------------------------------+
; Parameter Name ; Value ; Type                                                                                  ;
+----------------+-------+---------------------------------------------------------------------------------------+
; WIDTH          ; 1     ; Untyped                                                                               ;
+----------------+-------+---------------------------------------------------------------------------------------+
Note: In order to hide this table in the UI and the text report file, please set the "Show Parameter Settings in Synthesis Report" option in "Analysis and Synthesis Settings -> More Settings" to "Off".


+----------------------------------------------------------------------------------------------------------------+
; Parameter Settings for User Entity Instance: DoubleFourBitsRegister:inst1|four_bit_register:inst1|BUSMUX:inst5 ;
+----------------+-------+---------------------------------------------------------------------------------------+
; Parameter Name ; Value ; Type                                                                                  ;
+----------------+-------+---------------------------------------------------------------------------------------+
; WIDTH          ; 1     ; Untyped                                                                               ;
+----------------+-------+---------------------------------------------------------------------------------------+
Note: In order to hide this table in the UI and the text report file, please set the "Show Parameter Settings in Synthesis Report" option in "Analysis and Synthesis Settings -> More Settings" to "Off".


+----------------------------------------------------------------------------------------------------------------+
; Parameter Settings for User Entity Instance: DoubleFourBitsRegister:inst1|four_bit_register:inst1|BUSMUX:inst6 ;
+----------------+-------+---------------------------------------------------------------------------------------+
; Parameter Name ; Value ; Type                                                                                  ;
+----------------+-------+---------------------------------------------------------------------------------------+
; WIDTH          ; 1     ; Untyped                                                                               ;
+----------------+-------+---------------------------------------------------------------------------------------+
Note: In order to hide this table in the UI and the text report file, please set the "Show Parameter Settings in Synthesis Report" option in "Analysis and Synthesis Settings -> More Settings" to "Off".


+----------------------------------------------------------------------------------------------------------------+
; Parameter Settings for User Entity Instance: DoubleFourBitsRegister:inst1|four_bit_register:inst1|BUSMUX:inst7 ;
+----------------+-------+---------------------------------------------------------------------------------------+
; Parameter Name ; Value ; Type                                                                                  ;
+----------------+-------+---------------------------------------------------------------------------------------+
; WIDTH          ; 1     ; Untyped                                                                               ;
+----------------+-------+---------------------------------------------------------------------------------------+
Note: In order to hide this table in the UI and the text report file, please set the "Show Parameter Settings in Synthesis Report" option in "Analysis and Synthesis Settings -> More Settings" to "Off".


+-----------------------------------------------------+
; Post-Synthesis Netlist Statistics for Top Partition ;
+-----------------------+-----------------------------+
; Type                  ; Count                       ;
+-----------------------+-----------------------------+
; arriav_ff             ; 10                          ;
;     CLR               ; 2                           ;
;     ENA CLR           ; 8                           ;
; arriav_lcell_comb     ; 7                           ;
;     normal            ; 7                           ;
;         2 data inputs ; 1                           ;
;         3 data inputs ; 1                           ;
;         5 data inputs ; 3                           ;
;         6 data inputs ; 2                           ;
; boundary_port         ; 22                          ;
;                       ;                             ;
; Max LUT depth         ; 2.00                        ;
; Average LUT depth     ; 0.90                        ;
+-----------------------+-----------------------------+


+-------------------------------+
; Elapsed Time Per Partition    ;
+----------------+--------------+
; Partition Name ; Elapsed Time ;
+----------------+--------------+
; Top            ; 00:00:00     ;
+----------------+--------------+


+-------------------------------+
; Analysis & Synthesis Messages ;
+-------------------------------+
Info: *******************************************************************
Info: Running Quartus Prime Analysis & Synthesis
    Info: Version 20.1.1 Build 720 11/11/2020 SJ Lite Edition
    Info: Processing started: Fri Oct 18 19:49:04 2024
Info: Command: quartus_map --read_settings_files=on --write_settings_files=off FPGAKeypadBinaryShiftRegisterLED -c FPGAKeypadBinaryShiftRegisterLED
Warning (18236): Number of processors has not been specified which may cause overloading on shared machines.  Set the global assignment NUM_PARALLEL_PROCESSORS in your QSF to an appropriate value for best performance.
Info (20030): Parallel compilation is enabled and will use 4 of the 4 processors detected
Info (12021): Found 1 design units, including 1 entities, in source file fpgakeypadbinaryshiftregisterled.bdf
    Info (12023): Found entity 1: FPGAKeypadBinaryShiftRegisterLED
Info (12021): Found 1 design units, including 1 entities, in source file trigger.bdf
    Info (12023): Found entity 1: Trigger
Info (12021): Found 1 design units, including 1 entities, in source file fourbitstrigger.bdf
    Info (12023): Found entity 1: FourBitsTrigger
Info (12127): Elaborating entity "FPGAKeypadBinaryShiftRegisterLED" for the top level hierarchy
Warning (12125): Using design file doublefourbitsregister.bdf, which is not specified as a design file for the current project, but contains definitions for 1 design units and 1 entities in project
    Info (12023): Found entity 1: DoubleFourBitsRegister
Info (12128): Elaborating entity "DoubleFourBitsRegister" for hierarchy "DoubleFourBitsRegister:inst1"
Warning (12125): Using design file four_bit_register.bdf, which is not specified as a design file for the current project, but contains definitions for 1 design units and 1 entities in project
    Info (12023): Found entity 1: four_bit_register
Info (12128): Elaborating entity "four_bit_register" for hierarchy "DoubleFourBitsRegister:inst1|four_bit_register:inst"
Info (12128): Elaborating entity "BUSMUX" for hierarchy "DoubleFourBitsRegister:inst1|four_bit_register:inst|BUSMUX:inst4"
Info (12130): Elaborated megafunction instantiation "DoubleFourBitsRegister:inst1|four_bit_register:inst|BUSMUX:inst4"
Info (12133): Instantiated megafunction "DoubleFourBitsRegister:inst1|four_bit_register:inst|BUSMUX:inst4" with the following parameter:
    Info (12134): Parameter "WIDTH" = "1"
Info (12128): Elaborating entity "lpm_mux" for hierarchy "DoubleFourBitsRegister:inst1|four_bit_register:inst|BUSMUX:inst4|lpm_mux:$00000" File: d:/intelfpga_lite/20.1/quartus/libraries/megafunctions/busmux.tdf Line: 44
Info (12131): Elaborated megafunction instantiation "DoubleFourBitsRegister:inst1|four_bit_register:inst|BUSMUX:inst4|lpm_mux:$00000", which is child of megafunction instantiation "DoubleFourBitsRegister:inst1|four_bit_register:inst|BUSMUX:inst4" File: d:/intelfpga_lite/20.1/quartus/libraries/megafunctions/busmux.tdf Line: 44
Info (12021): Found 1 design units, including 1 entities, in source file db/mux_pjc.tdf
    Info (12023): Found entity 1: mux_pjc File: C:/Users/rnjsa/Desktop/PusanNU2024/semester 2/LogicCircuitDesignAndExperimentation/FPGAKeypadBinaryShiftRegisterLED/db/mux_pjc.tdf Line: 23
Info (12128): Elaborating entity "mux_pjc" for hierarchy "DoubleFourBitsRegister:inst1|four_bit_register:inst|BUSMUX:inst4|lpm_mux:$00000|mux_pjc:auto_generated" File: d:/intelfpga_lite/20.1/quartus/libraries/megafunctions/lpm_mux.tdf Line: 87
Info (12128): Elaborating entity "Trigger" for hierarchy "Trigger:inst2"
Warning (12125): Using design file decimal_to_binary.bdf, which is not specified as a design file for the current project, but contains definitions for 1 design units and 1 entities in project
    Info (12023): Found entity 1: Decimal_to_binary
Info (12128): Elaborating entity "Decimal_to_binary" for hierarchy "Decimal_to_binary:inst"
Info (286030): Timing-Driven Synthesis is running
Info (16010): Generating hard_block partition "hard_block:auto_generated_inst"
    Info (16011): Adding 0 node(s), including 0 DDIO, 0 PLL, 0 transceiver and 0 LCELL
Warning (21074): Design contains 2 input pin(s) that do not drive logic
    Warning (15610): No output dependent on input pin "Keypad[11]"
    Warning (15610): No output dependent on input pin "Keypad[10]"
Info (21057): Implemented 34 device resources after synthesis - the final resource count might be different
    Info (21058): Implemented 14 input pins
    Info (21059): Implemented 8 output pins
    Info (21061): Implemented 12 logic cells
Info: Quartus Prime Analysis & Synthesis was successful. 0 errors, 7 warnings
    Info: Peak virtual memory: 4824 megabytes
    Info: Processing ended: Fri Oct 18 19:49:12 2024
    Info: Elapsed time: 00:00:08
    Info: Total CPU time (on all processors): 00:00:18


