Flow report for FPGAKeypadBinaryShiftRegisterLED
Mon Oct 14 22:08:34 2024
Quartus Prime Version 20.1.1 Build 720 11/11/2020 SJ Lite Edition


---------------------
; Table of Contents ;
---------------------
  1. Legal Notice
  2. Flow Summary
  3. Flow Settings
  4. Flow Non-Default Global Settings
  5. Flow Elapsed Time
  6. Flow OS Summary
  7. Flow Log
  8. Flow Messages
  9. Flow Suppressed Messages



----------------
; Legal Notice ;
----------------
Copyright (C) 2020  Intel Corporation. All rights reserved.
Your use of Intel Corporation's design tools, logic functions 
and other software and tools, and any partner logic 
functions, and any output files from any of the foregoing 
(including device programming or simulation files), and any 
associated documentation or information are expressly subject 
to the terms and conditions of the Intel Program License 
Subscription Agreement, the Intel Quartus Prime License Agreement,
the Intel FPGA IP License Agreement, or other applicable license
agreement, including, without limitation, that your use is for
the sole purpose of programming logic devices manufactured by
Intel and sold by Intel or its authorized distributors.  Please
refer to the applicable agreement for further details, at
https://fpgasoftware.intel.com/eula.



+-------------------------------------------------------------------------------+
; Flow Summary                                                                  ;
+---------------------------------+---------------------------------------------+
; Flow Status                     ; Successful - Mon Oct 14 22:08:34 2024       ;
; Quartus Prime Version           ; 20.1.1 Build 720 11/11/2020 SJ Lite Edition ;
; Revision Name                   ; FPGAKeypadBinaryShiftRegisterLED            ;
; Top-level Entity Name           ; FPGAKeypadBinaryShiftRegisterLED            ;
; Family                          ; Cyclone V                                   ;
; Device                          ; 5CGXFC7C7F23C8                              ;
; Timing Models                   ; Final                                       ;
; Logic utilization (in ALMs)     ; 12 / 56,480 ( < 1 % )                       ;
; Total registers                 ; 29                                          ;
; Total pins                      ; 22 / 268 ( 8 % )                            ;
; Total virtual pins              ; 0                                           ;
; Total block memory bits         ; 0 / 7,024,640 ( 0 % )                       ;
; Total DSP Blocks                ; 0 / 156 ( 0 % )                             ;
; Total HSSI RX PCSs              ; 0 / 6 ( 0 % )                               ;
; Total HSSI PMA RX Deserializers ; 0 / 6 ( 0 % )                               ;
; Total HSSI TX PCSs              ; 0 / 6 ( 0 % )                               ;
; Total HSSI PMA TX Serializers   ; 0 / 6 ( 0 % )                               ;
; Total PLLs                      ; 0 / 13 ( 0 % )                              ;
; Total DLLs                      ; 0 / 4 ( 0 % )                               ;
+---------------------------------+---------------------------------------------+


+------------------------------------------------------+
; Flow Settings                                        ;
+-------------------+----------------------------------+
; Option            ; Setting                          ;
+-------------------+----------------------------------+
; Start date & time ; 10/14/2024 21:46:08              ;
; Main task         ; Compilation                      ;
; Revision Name     ; FPGAKeypadBinaryShiftRegisterLED ;
+-------------------+----------------------------------+


+-------------------------------------------------------------------------------------------------------------------------+
; Flow Non-Default Global Settings                                                                                        ;
+-------------------------------------+----------------------------------------+---------------+-------------+------------+
; Assignment Name                     ; Value                                  ; Default Value ; Entity Name ; Section Id ;
+-------------------------------------+----------------------------------------+---------------+-------------+------------+
; COMPILER_SIGNATURE_ID               ; 10995770589193.172890996804288         ; --            ; --          ; --         ;
; PARTITION_COLOR                     ; -- (Not supported for targeted family) ; --            ; --          ; Top        ;
; PARTITION_FITTER_PRESERVATION_LEVEL ; -- (Not supported for targeted family) ; --            ; --          ; Top        ;
; PARTITION_NETLIST_TYPE              ; -- (Not supported for targeted family) ; --            ; --          ; Top        ;
; PROJECT_OUTPUT_DIRECTORY            ; output_files                           ; --            ; --          ; --         ;
+-------------------------------------+----------------------------------------+---------------+-------------+------------+


+--------------------------------------------------------------------------------------------------------------------------+
; Flow Elapsed Time                                                                                                        ;
+----------------------+--------------+-------------------------+---------------------+------------------------------------+
; Module Name          ; Elapsed Time ; Average Processors Used ; Peak Virtual Memory ; Total CPU Time (on all processors) ;
+----------------------+--------------+-------------------------+---------------------+------------------------------------+
; Analysis & Synthesis ; 00:00:08     ; 1.0                     ; 4821 MB             ; 00:00:17                           ;
; Fitter               ; 00:00:28     ; 1.0                     ; 6718 MB             ; 00:00:53                           ;
; Assembler            ; 00:00:06     ; 1.0                     ; 4831 MB             ; 00:00:06                           ;
; Timing Analyzer      ; 00:00:04     ; 1.0                     ; 5194 MB             ; 00:00:04                           ;
; EDA Netlist Writer   ; 00:00:01     ; 1.0                     ; 4716 MB             ; 00:00:01                           ;
; EDA Netlist Writer   ; 00:00:01     ; 1.0                     ; 4724 MB             ; 00:00:01                           ;
; EDA Netlist Writer   ; 00:00:01     ; 1.0                     ; 4716 MB             ; 00:00:01                           ;
; EDA Netlist Writer   ; 00:00:01     ; 1.0                     ; 4724 MB             ; 00:00:01                           ;
; EDA Netlist Writer   ; 00:00:01     ; 1.0                     ; 4716 MB             ; 00:00:01                           ;
; EDA Netlist Writer   ; 00:00:00     ; 1.0                     ; 4724 MB             ; 00:00:01                           ;
; Total                ; 00:00:51     ; --                      ; --                  ; 00:01:26                           ;
+----------------------+--------------+-------------------------+---------------------+------------------------------------+


+------------------------------------------------------------------------------------+
; Flow OS Summary                                                                    ;
+----------------------+------------------+------------+------------+----------------+
; Module Name          ; Machine Hostname ; OS Name    ; OS Version ; Processor type ;
+----------------------+------------------+------------+------------+----------------+
; Analysis & Synthesis ; LAPTOP-8AH0OSCL  ; Windows 10 ; 10.0       ; x86_64         ;
; Fitter               ; LAPTOP-8AH0OSCL  ; Windows 10 ; 10.0       ; x86_64         ;
; Assembler            ; LAPTOP-8AH0OSCL  ; Windows 10 ; 10.0       ; x86_64         ;
; Timing Analyzer      ; LAPTOP-8AH0OSCL  ; Windows 10 ; 10.0       ; x86_64         ;
; EDA Netlist Writer   ; LAPTOP-8AH0OSCL  ; Windows 10 ; 10.0       ; x86_64         ;
; EDA Netlist Writer   ; LAPTOP-8AH0OSCL  ; Windows 10 ; 10.0       ; x86_64         ;
; EDA Netlist Writer   ; LAPTOP-8AH0OSCL  ; Windows 10 ; 10.0       ; x86_64         ;
; EDA Netlist Writer   ; LAPTOP-8AH0OSCL  ; Windows 10 ; 10.0       ; x86_64         ;
; EDA Netlist Writer   ; LAPTOP-8AH0OSCL  ; Windows 10 ; 10.0       ; x86_64         ;
; EDA Netlist Writer   ; LAPTOP-8AH0OSCL  ; Windows 10 ; 10.0       ; x86_64         ;
+----------------------+------------------+------------+------------+----------------+


------------
; Flow Log ;
------------
quartus_map --read_settings_files=on --write_settings_files=off FPGAKeypadBinaryShiftRegisterLED -c FPGAKeypadBinaryShiftRegisterLED
quartus_fit --read_settings_files=off --write_settings_files=off FPGAKeypadBinaryShiftRegisterLED -c FPGAKeypadBinaryShiftRegisterLED
quartus_asm --read_settings_files=off --write_settings_files=off FPGAKeypadBinaryShiftRegisterLED -c FPGAKeypadBinaryShiftRegisterLED
quartus_sta FPGAKeypadBinaryShiftRegisterLED -c FPGAKeypadBinaryShiftRegisterLED
quartus_eda --gen_testbench --tool=modelsim_oem --format=verilog --write_settings_files=off FPGAKeypadBinaryShiftRegisterLED -c FPGAKeypadBinaryShiftRegisterLED --vector_source="C:/Users/rnjsa/Desktop/PusanNU2024/semester 2/LogicCircuitDesignAndExperimentation/FPGAKeypadBinaryShiftRegisterLED/Waveform.vwf" --testbench_file="C:/Users/rnjsa/Desktop/PusanNU2024/semester 2/LogicCircuitDesignAndExperimentation/FPGAKeypadBinaryShiftRegisterLED/simulation/qsim/Waveform.vwf.vt"
quartus_eda --write_settings_files=off --simulation=on --functional=on --flatten_buses=off --tool=modelsim_oem --format=verilog --output_directory="C:/Users/rnjsa/Desktop/PusanNU2024/semester 2/LogicCircuitDesignAndExperimentation/FPGAKeypadBinaryShiftRegisterLED/simulation/qsim/" FPGAKeypadBinaryShiftRegisterLED -c FPGAKeypadBinaryShiftRegisterLED
quartus_eda --gen_testbench --tool=modelsim_oem --format=verilog --write_settings_files=off FPGAKeypadBinaryShiftRegisterLED -c FPGAKeypadBinaryShiftRegisterLED --vector_source="C:/Users/rnjsa/Desktop/PusanNU2024/semester 2/LogicCircuitDesignAndExperimentation/FPGAKeypadBinaryShiftRegisterLED/Waveform.vwf" --testbench_file="C:/Users/rnjsa/Desktop/PusanNU2024/semester 2/LogicCircuitDesignAndExperimentation/FPGAKeypadBinaryShiftRegisterLED/simulation/qsim/Waveform.vwf.vt"
quartus_eda --write_settings_files=off --simulation=on --functional=on --flatten_buses=off --tool=modelsim_oem --format=verilog --output_directory="C:/Users/rnjsa/Desktop/PusanNU2024/semester 2/LogicCircuitDesignAndExperimentation/FPGAKeypadBinaryShiftRegisterLED/simulation/qsim/" FPGAKeypadBinaryShiftRegisterLED -c FPGAKeypadBinaryShiftRegisterLED
quartus_eda --gen_testbench --tool=modelsim_oem --format=verilog --write_settings_files=off FPGAKeypadBinaryShiftRegisterLED -c FPGAKeypadBinaryShiftRegisterLED --vector_source="C:/Users/rnjsa/Desktop/PusanNU2024/semester 2/LogicCircuitDesignAndExperimentation/FPGAKeypadBinaryShiftRegisterLED/Waveform.vwf" --testbench_file="C:/Users/rnjsa/Desktop/PusanNU2024/semester 2/LogicCircuitDesignAndExperimentation/FPGAKeypadBinaryShiftRegisterLED/simulation/qsim/Waveform.vwf.vt"
quartus_eda --write_settings_files=off --simulation=on --functional=on --flatten_buses=off --tool=modelsim_oem --format=verilog --output_directory="C:/Users/rnjsa/Desktop/PusanNU2024/semester 2/LogicCircuitDesignAndExperimentation/FPGAKeypadBinaryShiftRegisterLED/simulation/qsim/" FPGAKeypadBinaryShiftRegisterLED -c FPGAKeypadBinaryShiftRegisterLED



