Flow report for TwoBitComparator
Mon Sep 23 16:06:07 2024
Quartus Prime Version 20.1.1 Build 720 11/11/2020 SJ Lite Edition


---------------------
; Table of Contents ;
---------------------
  1. Legal Notice
  2. Flow Summary
  3. Flow Settings
  4. Flow Non-Default Global Settings
  5. Flow Elapsed Time
  6. Flow OS Summary
  7. Flow Log
  8. Flow Messages
  9. Flow Suppressed Messages



----------------
; Legal Notice ;
----------------
Copyright (C) 2020  Intel Corporation. All rights reserved.
Your use of Intel Corporation's design tools, logic functions 
and other software and tools, and any partner logic 
functions, and any output files from any of the foregoing 
(including device programming or simulation files), and any 
associated documentation or information are expressly subject 
to the terms and conditions of the Intel Program License 
Subscription Agreement, the Intel Quartus Prime License Agreement,
the Intel FPGA IP License Agreement, or other applicable license
agreement, including, without limitation, that your use is for
the sole purpose of programming logic devices manufactured by
Intel and sold by Intel or its authorized distributors.  Please
refer to the applicable agreement for further details, at
https://fpgasoftware.intel.com/eula.



+-------------------------------------------------------------------------------+
; Flow Summary                                                                  ;
+---------------------------------+---------------------------------------------+
; Flow Status                     ; Successful - Mon Sep 23 16:06:02 2024       ;
; Quartus Prime Version           ; 20.1.1 Build 720 11/11/2020 SJ Lite Edition ;
; Revision Name                   ; TwoBitComparator                            ;
; Top-level Entity Name           ; TwoBitComparatorSymbol                      ;
; Family                          ; Cyclone V                                   ;
; Device                          ; 5CGXFC7C7F23C8                              ;
; Timing Models                   ; Final                                       ;
; Logic utilization (in ALMs)     ; 3 / 56,480 ( < 1 % )                        ;
; Total registers                 ; 0                                           ;
; Total pins                      ; 8 / 268 ( 3 % )                             ;
; Total virtual pins              ; 0                                           ;
; Total block memory bits         ; 0 / 7,024,640 ( 0 % )                       ;
; Total DSP Blocks                ; 0 / 156 ( 0 % )                             ;
; Total HSSI RX PCSs              ; 0 / 6 ( 0 % )                               ;
; Total HSSI PMA RX Deserializers ; 0 / 6 ( 0 % )                               ;
; Total HSSI TX PCSs              ; 0 / 6 ( 0 % )                               ;
; Total HSSI PMA TX Serializers   ; 0 / 6 ( 0 % )                               ;
; Total PLLs                      ; 0 / 13 ( 0 % )                              ;
; Total DLLs                      ; 0 / 4 ( 0 % )                               ;
+---------------------------------+---------------------------------------------+


+-----------------------------------------+
; Flow Settings                           ;
+-------------------+---------------------+
; Option            ; Setting             ;
+-------------------+---------------------+
; Start date & time ; 09/23/2024 16:05:22 ;
; Main task         ; Compilation         ;
; Revision Name     ; TwoBitComparator    ;
+-------------------+---------------------+


+---------------------------------------------------------------------------------------------------------------------------------------+
; Flow Non-Default Global Settings                                                                                                      ;
+-------------------------------------+----------------------------------------+------------------+------------------------+------------+
; Assignment Name                     ; Value                                  ; Default Value    ; Entity Name            ; Section Id ;
+-------------------------------------+----------------------------------------+------------------+------------------------+------------+
; COMPILER_SIGNATURE_ID               ; 91761467151.172707512216564            ; --               ; --                     ; --         ;
; MAX_CORE_JUNCTION_TEMP              ; 85                                     ; --               ; --                     ; --         ;
; MIN_CORE_JUNCTION_TEMP              ; 0                                      ; --               ; --                     ; --         ;
; PARTITION_COLOR                     ; -- (Not supported for targeted family) ; --               ; TwoBitComparatorSymbol ; Top        ;
; PARTITION_FITTER_PRESERVATION_LEVEL ; -- (Not supported for targeted family) ; --               ; TwoBitComparatorSymbol ; Top        ;
; PARTITION_NETLIST_TYPE              ; -- (Not supported for targeted family) ; --               ; TwoBitComparatorSymbol ; Top        ;
; PROJECT_OUTPUT_DIRECTORY            ; output_files                           ; --               ; --                     ; --         ;
; TOP_LEVEL_ENTITY                    ; TwoBitComparatorSymbol                 ; TwoBitComparator ; --                     ; --         ;
+-------------------------------------+----------------------------------------+------------------+------------------------+------------+


+--------------------------------------------------------------------------------------------------------------------------+
; Flow Elapsed Time                                                                                                        ;
+----------------------+--------------+-------------------------+---------------------+------------------------------------+
; Module Name          ; Elapsed Time ; Average Processors Used ; Peak Virtual Memory ; Total CPU Time (on all processors) ;
+----------------------+--------------+-------------------------+---------------------+------------------------------------+
; Analysis & Synthesis ; 00:00:08     ; 1.0                     ; 4811 MB             ; 00:00:19                           ;
; Fitter               ; 00:00:24     ; 1.0                     ; 6647 MB             ; 00:00:43                           ;
; Assembler            ; 00:00:07     ; 1.0                     ; 4822 MB             ; 00:00:06                           ;
; Timing Analyzer      ; 00:00:04     ; 1.0                     ; 5134 MB             ; 00:00:04                           ;
; Total                ; 00:00:43     ; --                      ; --                  ; 00:01:12                           ;
+----------------------+--------------+-------------------------+---------------------+------------------------------------+


+------------------------------------------------------------------------------------+
; Flow OS Summary                                                                    ;
+----------------------+------------------+------------+------------+----------------+
; Module Name          ; Machine Hostname ; OS Name    ; OS Version ; Processor type ;
+----------------------+------------------+------------+------------+----------------+
; Analysis & Synthesis ; SeworL           ; Windows 10 ; 10.0       ; x86_64         ;
; Fitter               ; SeworL           ; Windows 10 ; 10.0       ; x86_64         ;
; Assembler            ; SeworL           ; Windows 10 ; 10.0       ; x86_64         ;
; Timing Analyzer      ; SeworL           ; Windows 10 ; 10.0       ; x86_64         ;
+----------------------+------------------+------------+------------+----------------+


------------
; Flow Log ;
------------
quartus_map --read_settings_files=on --write_settings_files=off TwoBitComparator -c TwoBitComparator
quartus_fit --read_settings_files=off --write_settings_files=off TwoBitComparator -c TwoBitComparator
quartus_asm --read_settings_files=off --write_settings_files=off TwoBitComparator -c TwoBitComparator
quartus_sta TwoBitComparator -c TwoBitComparator



